<?xml version="1.0" encoding="UTF-8"?>
<testng-results skipped="0" failed="1" ignored="0" total="4" passed="3">
  <reporter-output>
  </reporter-output>
  <suite name="Default suite" duration-ms="80796" started-at="2019-09-23T22:51:39Z" finished-at="2019-09-23T22:53:00Z">
    <groups>
    </groups>
    <test name="Default test" duration-ms="80796" started-at="2019-09-23T22:51:39Z" finished-at="2019-09-23T22:53:00Z">
      <class name="com.ahorcadoGame.AhorcadoNGTest">
        <test-method status="PASS" signature="beforeMethod()[pri:0, instance:com.ahorcadoGame.AhorcadoNGTest@475530b9]" name="beforeMethod" is-config="true" duration-ms="22518" started-at="2019-09-23T22:51:39Z" finished-at="2019-09-23T22:52:01Z">
          <reporter-output>
          </reporter-output>
        </test-method> <!-- beforeMethod -->
        <test-method status="FAIL" signature="ganar_juego_palabra_perro()[pri:0, instance:com.ahorcadoGame.AhorcadoNGTest@475530b9]" name="ganar_juego_palabra_perro" duration-ms="8760" started-at="2019-09-23T22:52:01Z" finished-at="2019-09-23T22:52:10Z">
          <exception class="java.lang.AssertionError">
            <message>
              <![CDATA[expected [true] but found [false]]]>
            </message>
            <full-stacktrace>
              <![CDATA[java.lang.AssertionError: expected [true] but found [false]
at org.testng.Assert.fail(Assert.java:96)
at org.testng.Assert.failNotEquals(Assert.java:776)
at org.testng.Assert.assertTrue(Assert.java:44)
at org.testng.Assert.assertTrue(Assert.java:54)
at com.ahorcadoGame.AhorcadoNGTest.ganar_juego_palabra_perro(AhorcadoNGTest.java:57)
at sun.reflect.NativeMethodAccessorImpl.invoke0(Native Method)
at sun.reflect.NativeMethodAccessorImpl.invoke(Unknown Source)
at sun.reflect.DelegatingMethodAccessorImpl.invoke(Unknown Source)
at java.lang.reflect.Method.invoke(Unknown Source)
at org.testng.internal.MethodInvocationHelper.invokeMethod(MethodInvocationHelper.java:124)
at org.testng.internal.Invoker.invokeMethod(Invoker.java:583)
at org.testng.internal.Invoker.invokeTestMethod(Invoker.java:719)
at org.testng.internal.Invoker.invokeTestMethods(Invoker.java:989)
at org.testng.internal.TestMethodWorker.invokeTestMethods(TestMethodWorker.java:125)
at org.testng.internal.TestMethodWorker.run(TestMethodWorker.java:109)
at org.testng.TestRunner.privateRun(TestRunner.java:648)
at org.testng.TestRunner.run(TestRunner.java:505)
at org.testng.SuiteRunner.runTest(SuiteRunner.java:455)
at org.testng.SuiteRunner.runSequentially(SuiteRunner.java:450)
at org.testng.SuiteRunner.privateRun(SuiteRunner.java:415)
at org.testng.SuiteRunner.run(SuiteRunner.java:364)
at org.testng.SuiteRunnerWorker.runSuite(SuiteRunnerWorker.java:52)
at org.testng.SuiteRunnerWorker.run(SuiteRunnerWorker.java:84)
at org.testng.TestNG.runSuitesSequentially(TestNG.java:1208)
at org.testng.TestNG.runSuitesLocally(TestNG.java:1137)
at org.testng.TestNG.runSuites(TestNG.java:1049)
at org.testng.TestNG.run(TestNG.java:1017)
at org.testng.remote.AbstractRemoteTestNG.run(AbstractRemoteTestNG.java:114)
at org.testng.remote.RemoteTestNG.initAndRun(RemoteTestNG.java:251)
at org.testng.remote.RemoteTestNG.main(RemoteTestNG.java:77)
]]>
            </full-stacktrace>
          </exception> <!-- java.lang.AssertionError -->
          <reporter-output>
          </reporter-output>
        </test-method> <!-- ganar_juego_palabra_perro -->
        <test-method status="PASS" signature="afterMethod()[pri:0, instance:com.ahorcadoGame.AhorcadoNGTest@475530b9]" name="afterMethod" is-config="true" duration-ms="746" started-at="2019-09-23T22:52:10Z" finished-at="2019-09-23T22:52:11Z">
          <reporter-output>
          </reporter-output>
        </test-method> <!-- afterMethod -->
        <test-method status="PASS" signature="beforeMethod()[pri:0, instance:com.ahorcadoGame.AhorcadoNGTest@475530b9]" name="beforeMethod" is-config="true" duration-ms="7367" started-at="2019-09-23T22:52:11Z" finished-at="2019-09-23T22:52:18Z">
          <reporter-output>
          </reporter-output>
        </test-method> <!-- beforeMethod -->
        <test-method status="PASS" signature="ingreso_nombre_jugador_Nicolas()[pri:0, instance:com.ahorcadoGame.AhorcadoNGTest@475530b9]" name="ingreso_nombre_jugador_Nicolas" duration-ms="2661" started-at="2019-09-23T22:52:18Z" finished-at="2019-09-23T22:52:21Z">
          <reporter-output>
          </reporter-output>
        </test-method> <!-- ingreso_nombre_jugador_Nicolas -->
        <test-method status="PASS" signature="afterMethod()[pri:0, instance:com.ahorcadoGame.AhorcadoNGTest@475530b9]" name="afterMethod" is-config="true" duration-ms="728" started-at="2019-09-23T22:52:21Z" finished-at="2019-09-23T22:52:22Z">
          <reporter-output>
          </reporter-output>
        </test-method> <!-- afterMethod -->
        <test-method status="PASS" signature="beforeMethod()[pri:0, instance:com.ahorcadoGame.AhorcadoNGTest@475530b9]" name="beforeMethod" is-config="true" duration-ms="19148" started-at="2019-09-23T22:52:22Z" finished-at="2019-09-23T22:52:41Z">
          <reporter-output>
          </reporter-output>
        </test-method> <!-- beforeMethod -->
        <test-method status="PASS" signature="ingreso_nombre_jugador_vacio()[pri:0, instance:com.ahorcadoGame.AhorcadoNGTest@475530b9]" name="ingreso_nombre_jugador_vacio" duration-ms="2684" started-at="2019-09-23T22:52:41Z" finished-at="2019-09-23T22:52:44Z">
          <reporter-output>
          </reporter-output>
        </test-method> <!-- ingreso_nombre_jugador_vacio -->
        <test-method status="PASS" signature="afterMethod()[pri:0, instance:com.ahorcadoGame.AhorcadoNGTest@475530b9]" name="afterMethod" is-config="true" duration-ms="735" started-at="2019-09-23T22:52:44Z" finished-at="2019-09-23T22:52:44Z">
          <reporter-output>
          </reporter-output>
        </test-method> <!-- afterMethod -->
        <test-method status="PASS" signature="beforeMethod()[pri:0, instance:com.ahorcadoGame.AhorcadoNGTest@475530b9]" name="beforeMethod" is-config="true" duration-ms="4961" started-at="2019-09-23T22:52:44Z" finished-at="2019-09-23T22:52:49Z">
          <reporter-output>
          </reporter-output>
        </test-method> <!-- beforeMethod -->
        <test-method status="PASS" signature="perder_juego()[pri:0, instance:com.ahorcadoGame.AhorcadoNGTest@475530b9]" name="perder_juego" duration-ms="9678" started-at="2019-09-23T22:52:49Z" finished-at="2019-09-23T22:52:59Z">
          <reporter-output>
          </reporter-output>
        </test-method> <!-- perder_juego -->
        <test-method status="PASS" signature="afterMethod()[pri:0, instance:com.ahorcadoGame.AhorcadoNGTest@475530b9]" name="afterMethod" is-config="true" duration-ms="748" started-at="2019-09-23T22:52:59Z" finished-at="2019-09-23T22:53:00Z">
          <reporter-output>
          </reporter-output>
        </test-method> <!-- afterMethod -->
      </class> <!-- com.ahorcadoGame.AhorcadoNGTest -->
    </test> <!-- Default test -->
  </suite> <!-- Default suite -->
</testng-results>
